/*C4*/SET SCHEMA PUBLIC
DISCONNECT
/*C3*/SET SCHEMA PUBLIC
DISCONNECT
/*C2*/SET SCHEMA PUBLIC
DISCONNECT
/*C7*/SET SCHEMA PUBLIC
DISCONNECT
/*C6*/SET SCHEMA PUBLIC
DISCONNECT
/*C5*/SET SCHEMA PUBLIC
DISCONNECT
/*C8*/SET SCHEMA PUBLIC
create table ConfiguracaoSistema (id bigint not null, banco varchar(50) not null, provedorSmtp varchar(100), senhaBanco varchar(50) not null, senhaEmail varchar(50), urlBanco varchar(100) not null, usuarioBanco varchar(50) not null, usuarioEmail varchar(50), primary key (id))
create table PadraoURL (id bigint not null, expressaoRegular varchar(255) not null, nome varchar(50) not null, usuario_id bigint, primary key (id))
create table Permissao (id bigint not null, perfil varchar(50) not null, sistema_id bigint, usuario_id bigint, primary key (id))
create table Sistema (id bigint not null, nome varchar(100) not null, pastaLogAcesso varchar(255) not null, pastaLogErro varchar(255) not null, periodicidadeLeitura bigint not null, prefixoLogAcesso varchar(100) not null, prefixoLogErro varchar(100) not null, primeiraLeitura timestamp not null, primary key (id))
create table Usuario (id bigint not null, admGeral boolean not null, email varchar(100) not null, login varchar(50) not null, nome varchar(100) not null, senha varchar(50) not null, primary key (id))
create table Versao (id bigint not null, nome varchar(100) not null, timestampLiberacao timestamp not null, sistema_id bigint, primary key (id))
create sequence hibernate_sequence start with 1 increment by 1
alter table PadraoURL add constraint FKemqil8qrhx0p3u7tg79svogp foreign key (usuario_id) references Usuario
alter table Permissao add constraint FKjjmjn1dqo9gqhoqbws0t5mya foreign key (sistema_id) references Sistema
alter table Permissao add constraint FKcndaad0gk3ktufn3y5n9053b7 foreign key (usuario_id) references Usuario
alter table Versao add constraint FKpaqehmhob2dbnnep23l7khudi foreign key (sistema_id) references Sistema
DISCONNECT
/*C9*/SET SCHEMA PUBLIC
DISCONNECT
/*C10*/SET SCHEMA PUBLIC
DISCONNECT
